<?xml version="1.0" encoding="UTF-8"?>
<!-- Generated by org.testng.reporters.JUnitReportReporter -->
<testsuite skipped="0" hostname="Harman" name="co.pragra.learning.fullstackqa.b15framework.testcases.TopNavBarTest" tests="4" failures="0" timestamp="04 Apr 2020 16:46:03 GMT" time="4.801" errors="0">
  <testcase name="signInTest" time="1.061" classname="co.pragra.learning.fullstackqa.b15framework.testcases.TopNavBarTest"/>
  <testcase name="testClickOnRequestDemo" time="1.005" classname="co.pragra.learning.fullstackqa.b15framework.testcases.TopNavBarTest"/>
  <testcase name="signInTest" time="1.297" classname="co.pragra.learning.fullstackqa.b15framework.testcases.TopNavBarTest"/>
  <testcase name="signInTest" time="1.438" classname="co.pragra.learning.fullstackqa.b15framework.testcases.TopNavBarTest"/>
</testsuite> <!-- co.pragra.learning.fullstackqa.b15framework.testcases.TopNavBarTest -->
