<?xml version="1.0" encoding="UTF-8"?>
<!-- Generated by org.testng.reporters.JUnitReportReporter -->
<testsuite skipped="0" hostname="Harman" name="co.pragra.learning.fullstackqa.b15framework.testcases.TopNavBarTest" tests="11" failures="0" timestamp="05 Apr 2020 17:18:25 GMT" time="35.821" errors="0">
  <testcase name="testClickOnRequestDemo" time="1.831" classname="co.pragra.learning.fullstackqa.b15framework.testcases.TopNavBarTest"/>
  <testcase name="clickOnWebinarEvents" time="2.925" classname="co.pragra.learning.fullstackqa.b15framework.testcases.TopNavBarTest"/>
  <testcase name="clickSupportPage" time="1.626" classname="co.pragra.learning.fullstackqa.b15framework.testcases.TopNavBarTest"/>
  <testcase name="clickOnDownloadZoom" time="2.242" classname="co.pragra.learning.fullstackqa.b15framework.testcases.TopNavBarTest"/>
  <testcase name="signInTest" time="1.249" classname="co.pragra.learning.fullstackqa.b15framework.testcases.TopNavBarTest"/>
  <testcase name="signInTest" time="1.198" classname="co.pragra.learning.fullstackqa.b15framework.testcases.TopNavBarTest"/>
  <testcase name="clickOnLiveTraining" time="9.616" classname="co.pragra.learning.fullstackqa.b15framework.testcases.TopNavBarTest"/>
  <testcase name="signInTest" time="1.223" classname="co.pragra.learning.fullstackqa.b15framework.testcases.TopNavBarTest"/>
  <testcase name="clickOnVideoTutorial" time="2.192" classname="co.pragra.learning.fullstackqa.b15framework.testcases.TopNavBarTest"/>
  <testcase name="clickOnFaq" time="5.581" classname="co.pragra.learning.fullstackqa.b15framework.testcases.TopNavBarTest"/>
  <testcase name="clickOnZoomBlog" time="6.138" classname="co.pragra.learning.fullstackqa.b15framework.testcases.TopNavBarTest"/>
</testsuite> <!-- co.pragra.learning.fullstackqa.b15framework.testcases.TopNavBarTest -->
